<?xml version="1.0" encoding="utf-8"?><testsuites name="pytest tests"><testsuite name="pytest" errors="0" failures="0" skipped="0" tests="6" time="16.862" timestamp="2026-01-21T17:09:02.999076+00:00" hostname="agent-env-d64e8b33-60dc-4073-b237-7b324f4d04f7"><testcase classname="tests.test_backend_api.TestAPIRoot" name="test_api_root_endpoint" time="0.090" /><testcase classname="tests.test_backend_api.TestProcessAnalyze" name="test_analyze_with_base64_image" time="15.734" /><testcase classname="tests.test_backend_api.TestProcessAnalyze" name="test_analyze_without_image_returns_error" time="0.067" /><testcase classname="tests.test_backend_api.TestProcessCompile" name="test_compile_prompt_basic" time="0.041" /><testcase classname="tests.test_backend_api.TestProcessGenerateImage" name="test_generate_image_endpoint_exists" time="0.817" /><testcase classname="tests.test_backend_api.TestAuthentication" name="test_auth_login_endpoint" time="0.049" /></testsuite></testsuites>