<?xml version="1.0" encoding="utf-8"?><testsuites name="pytest tests"><testsuite name="pytest" errors="0" failures="1" skipped="0" tests="6" time="14.109" timestamp="2026-01-21T17:02:05.937386+00:00" hostname="agent-env-d64e8b33-60dc-4073-b237-7b324f4d04f7"><testcase classname="tests.test_backend_api.TestAPIRoot" name="test_api_root_endpoint" time="0.105" /><testcase classname="tests.test_backend_api.TestProcessAnalyze" name="test_analyze_with_base64_image" time="12.525" /><testcase classname="tests.test_backend_api.TestProcessAnalyze" name="test_analyze_without_image_returns_error" time="0.062" /><testcase classname="tests.test_backend_api.TestProcessCompile" name="test_compile_prompt_basic" time="0.637" /><testcase classname="tests.test_backend_api.TestProcessGenerateImage" name="test_generate_image_endpoint_exists" time="0.656" /><testcase classname="tests.test_backend_api.TestAuthentication" name="test_auth_login_endpoint_exists" time="0.043"><failure message="AssertionError: Auth endpoint not found&#10;assert 404 != 404&#10; +  where 404 = &lt;Response [404]&gt;.status_code">tests/test_backend_api.py:175: in test_auth_login_endpoint_exists
    assert response.status_code != 404, "Auth endpoint not found"
E   AssertionError: Auth endpoint not found
E   assert 404 != 404
E    +  where 404 = &lt;Response [404]&gt;.status_code</failure></testcase></testsuite></testsuites>