<?xml version="1.0" encoding="utf-8"?><testsuites name="pytest tests"><testsuite name="pytest" errors="0" failures="0" skipped="0" tests="15" time="7.131" timestamp="2026-01-21T23:35:49.446430+00:00" hostname="agent-env-dcab9f1b-4283-4799-b88f-1b352bbfe35d"><testcase classname="tests.test_backend_api.TestAPIRoot" name="test_api_root_endpoint" time="0.064" /><testcase classname="tests.test_backend_api.TestProcessAnalyze" name="test_analyze_with_base64_image" time="0.103" /><testcase classname="tests.test_backend_api.TestProcessAnalyze" name="test_analyze_without_image_returns_error" time="0.041" /><testcase classname="tests.test_backend_api.TestProcessCompile" name="test_compile_prompt_basic" time="0.039" /><testcase classname="tests.test_backend_api.TestProcessGenerateImage" name="test_generate_image_endpoint_exists" time="6.374" /><testcase classname="tests.test_backend_api.TestAuthentication" name="test_auth_login_endpoint" time="0.097" /><testcase classname="tests.test_phase4_phase5.TestVetoEngine" name="test_veto_paradoja_forense_limpieza_artefactos_10" time="0.049" /><testcase classname="tests.test_phase4_phase5.TestVetoEngine" name="test_veto_paradoja_geometria" time="0.040" /><testcase classname="tests.test_phase4_phase5.TestBlockInjector" name="test_block_injector_generates_blocks" time="0.041" /><testcase classname="tests.test_phase4_phase5.TestSemanticSanitizer" name="test_sanitizer_removes_redundancies" time="0.036" /><testcase classname="tests.test_phase4_phase5.TestIdentityLock" name="test_identity_lock_level_in_metadata" time="0.039" /><testcase classname="tests.test_phase4_phase5.TestIdentityLock" name="test_identity_lock_relaxed_with_high_limpieza" time="0.036" /><testcase classname="tests.test_phase4_phase5.TestTokensEstimate" name="test_tokens_estimate_returned" time="0.037" /><testcase classname="tests.test_phase4_phase5.TestCompileEndpointResponse" name="test_compile_returns_full_response_with_debug" time="0.040" /><testcase classname="tests.test_phase4_phase5.TestPromptNotTruncated" name="test_prompt_contains_all_sections" time="0.037" /></testsuite></testsuites>